<?xml version="1.0" encoding="UTF-8"?>
<testng-results skipped="0" failed="0" total="1" passed="1">
  <reporter-output>
    <line>
      <![CDATA[title is matching]]>
    </line>
  </reporter-output>
  <suite name="Default suite" duration-ms="31983" started-at="2018-08-05T07:12:07Z" finished-at="2018-08-05T07:12:39Z">
    <groups>
    </groups>
    <test name="Default test" duration-ms="31983" started-at="2018-08-05T07:12:07Z" finished-at="2018-08-05T07:12:39Z">
      <class name="scripts.Flipkartsc1">
        <test-method status="PASS" signature="openAppln()[pri:0, instance:scripts.Flipkartsc1@42e26948]" name="openAppln" is-config="true" duration-ms="16792" started-at="2018-08-05T12:42:07Z" finished-at="2018-08-05T12:42:23Z">
          <reporter-output>
          </reporter-output>
        </test-method> <!-- openAppln -->
        <test-method status="PASS" signature="testsc1()[pri:0, instance:scripts.Flipkartsc1@42e26948]" name="testsc1" duration-ms="14129" started-at="2018-08-05T12:42:23Z" finished-at="2018-08-05T12:42:37Z">
          <reporter-output>
            <line>
              <![CDATA[title is matching]]>
            </line>
          </reporter-output>
        </test-method> <!-- testsc1 -->
        <test-method status="PASS" signature="closeAppln()[pri:0, instance:scripts.Flipkartsc1@42e26948]" name="closeAppln" is-config="true" duration-ms="1041" started-at="2018-08-05T12:42:37Z" finished-at="2018-08-05T12:42:39Z">
          <reporter-output>
          </reporter-output>
        </test-method> <!-- closeAppln -->
      </class> <!-- scripts.Flipkartsc1 -->
    </test> <!-- Default test -->
  </suite> <!-- Default suite -->
</testng-results>
