<?xml version="1.0" encoding="UTF-8"?>
<testng-results skipped="0" failed="0" total="1" passed="1">
  <reporter-output>
    <line>
      <![CDATA[title is matching]]>
    </line>
    <line>
      <![CDATA[path is invalid]]>
    </line>
  </reporter-output>
  <suite name="Default suite" duration-ms="26979" started-at="2018-08-05T06:35:14Z" finished-at="2018-08-05T06:35:41Z">
    <groups>
    </groups>
    <test name="Default test" duration-ms="26979" started-at="2018-08-05T06:35:14Z" finished-at="2018-08-05T06:35:41Z">
      <class name="scripts.Flipkartsc1">
        <test-method status="PASS" signature="openAppln()[pri:0, instance:scripts.Flipkartsc1@42e26948]" name="openAppln" is-config="true" duration-ms="11910" started-at="2018-08-05T12:05:14Z" finished-at="2018-08-05T12:05:26Z">
          <reporter-output>
          </reporter-output>
        </test-method> <!-- openAppln -->
        <test-method status="PASS" signature="testsc1()[pri:0, instance:scripts.Flipkartsc1@42e26948]" name="testsc1" duration-ms="14278" started-at="2018-08-05T12:05:26Z" finished-at="2018-08-05T12:05:41Z">
          <reporter-output>
            <line>
              <![CDATA[title is matching]]>
            </line>
            <line>
              <![CDATA[path is invalid]]>
            </line>
          </reporter-output>
        </test-method> <!-- testsc1 -->
        <test-method status="PASS" signature="closeAppln()[pri:0, instance:scripts.Flipkartsc1@42e26948]" name="closeAppln" is-config="true" duration-ms="773" started-at="2018-08-05T12:05:41Z" finished-at="2018-08-05T12:05:41Z">
          <reporter-output>
          </reporter-output>
        </test-method> <!-- closeAppln -->
      </class> <!-- scripts.Flipkartsc1 -->
    </test> <!-- Default test -->
  </suite> <!-- Default suite -->
</testng-results>
